<?xml version="1.0" encoding="UTF-8"?>
<!-- Generated by org.testng.reporters.JUnitReportReporter -->
<testsuite hostname="DESKTOP-8F4MOVP" failures="0" tests="5" name="Com.Actitime.Testng.Ambani" time="0.023" errors="0" timestamp="2023-02-08T18:53:39 IST" skipped="0">
  <testcase classname="Com.Actitime.Testng.Ambani" name="adani" time="0.008"/>
  <system-out>
    <![CDATA[124 billion loss]]>
  </system-out>
  <testcase classname="Com.Actitime.Testng.Ambani" name="adani1" time="0.002"/>
  <system-out>
    <![CDATA[2 lakh crore]]>
  </system-out>
  <testcase classname="Com.Actitime.Testng.Ambani" name="adani2" time="0.002"/>
  <system-out>
    <![CDATA[khatam tattaa bye bye gaya]]>
  </system-out>
  <testcase classname="Com.Actitime.Testng.Ambani" name="adani2" time="0.002"/>
  <system-out>
    <![CDATA[khatam tattaa bye bye gaya]]>
  </system-out>
  <testcase classname="Com.Actitime.Testng.Ambani" name="adani2" time="0.009"/>
  <system-out>
    <![CDATA[khatam tattaa bye bye gaya]]>
  </system-out>
</testsuite> <!-- Com.Actitime.Testng.Ambani -->
