<?xml version="1.0" encoding="UTF-8"?>
<!-- Generated by org.testng.reporters.JUnitReportReporter -->
<testsuite hostname="DESKTOP-8F4MOVP" failures="0" tests="1" name="Com.Actitime.Testng.ScreenShot" time="7.596" errors="0" timestamp="2023-02-10T09:41:17 IST" skipped="0">
  <testcase classname="Com.Actitime.Testng.ScreenShot" name="screenshot" time="7.596"/>
  <system-out/>
</testsuite> <!-- Com.Actitime.Testng.ScreenShot -->
