<?xml version="1.0" encoding="UTF-8"?>
<!-- Generated by org.testng.reporters.JUnitReportReporter -->
<testsuite hostname="DESKTOP-8F4MOVP" failures="0" tests="2" name="Com.Actitime.Testng.createCustomer" time="28.586" errors="0" timestamp="2023-02-10T08:58:39 IST" skipped="0">
  <testcase classname="Com.Actitime.Testng.createCustomer" name="customer" time="19.317"/>
  <system-out>
    <![CDATA[Customer created]]>
  </system-out>
  <testcase classname="Com.Actitime.Testng.createCustomer" name="delete" time="9.269"/>
  <system-out>
    <![CDATA[customer deleted]]>
  </system-out>
</testsuite> <!-- Com.Actitime.Testng.createCustomer -->
