<?xml version="1.0" encoding="UTF-8"?>
<!-- Generated by org.testng.reporters.JUnitReportReporter -->
<testsuite hostname="DESKTOP-8F4MOVP" failures="0" tests="1" name="Com.Actitime.Pom.UsageClass" time="14.983" errors="0" timestamp="2023-02-13T09:54:59 IST" skipped="0">
  <testcase classname="Com.Actitime.Pom.UsageClass" name="LoginToActitime" time="14.983"/>
  <system-out/>
</testsuite> <!-- Com.Actitime.Pom.UsageClass -->
