<?xml version="1.0" encoding="UTF-8"?>
<!-- Generated by org.testng.reporters.JUnitReportReporter -->
<testsuite hostname="DESKTOP-8F4MOVP" failures="0" tests="5" name="Com.Actitime.Testng.vijayMallya" time="0.032" errors="0" timestamp="2023-02-08T09:45:07 IST" skipped="0">
  <testcase classname="Com.Actitime.Testng.vijayMallya" name="adani" time="0.016"/>
  <system-out>
    <![CDATA[124 billion loss]]>
  </system-out>
  <testcase classname="Com.Actitime.Testng.vijayMallya" name="adani1" time="0.004"/>
  <system-out>
    <![CDATA[2 lakh crore]]>
  </system-out>
  <testcase classname="Com.Actitime.Testng.vijayMallya" name="adani2" time="0.005"/>
  <system-out>
    <![CDATA[khatam tattaa bye bye gaya]]>
  </system-out>
  <testcase classname="Com.Actitime.Testng.vijayMallya" name="adani2" time="0.003"/>
  <system-out>
    <![CDATA[khatam tattaa bye bye gaya]]>
  </system-out>
  <testcase classname="Com.Actitime.Testng.vijayMallya" name="adani2" time="0.004"/>
  <system-out>
    <![CDATA[khatam tattaa bye bye gaya]]>
  </system-out>
</testsuite> <!-- Com.Actitime.Testng.vijayMallya -->
