<?xml version="1.0" encoding="UTF-8"?>
<!-- Generated by org.testng.reporters.JUnitReportReporter -->
<testsuite hostname="DESKTOP-8F4MOVP" failures="0" tests="1" name="Com.Actitime.Testng.BaseClass" time="13.273" errors="0" timestamp="2023-02-09T19:40:48 IST" skipped="0">
  <testcase classname="Com.Actitime.Testng.BaseClass" name="createCustomer" time="13.273"/>
  <system-out>
    <![CDATA[customer created]]>
  </system-out>
</testsuite> <!-- Com.Actitime.Testng.BaseClass -->
