<?xml version="1.0" encoding="UTF-8"?>
<!-- Generated by org.testng.reporters.JUnitReportReporter -->
<testsuite hostname="DESKTOP-8F4MOVP" failures="0" tests="5" name="Com.Actime.GenericLibrary.PrioRity" time="0.028" errors="0" timestamp="2023-02-08T09:19:28 IST" skipped="0">
  <testcase classname="Com.Actime.GenericLibrary.PrioRity" name="adani" time="0.019"/>
  <system-out>
    <![CDATA[124 billion loss]]>
  </system-out>
  <testcase classname="Com.Actime.GenericLibrary.PrioRity" name="adani1" time="0.001"/>
  <system-out>
    <![CDATA[2 lakh crore]]>
  </system-out>
  <testcase classname="Com.Actime.GenericLibrary.PrioRity" name="adani2" time="0.003"/>
  <system-out>
    <![CDATA[khatam tattaa bye bye gata]]>
  </system-out>
  <testcase classname="Com.Actime.GenericLibrary.PrioRity" name="adani2" time="0.003"/>
  <system-out>
    <![CDATA[khatam tattaa bye bye gata]]>
  </system-out>
  <testcase classname="Com.Actime.GenericLibrary.PrioRity" name="adani2" time="0.002"/>
  <system-out>
    <![CDATA[khatam tattaa bye bye gata]]>
  </system-out>
</testsuite> <!-- Com.Actime.GenericLibrary.PrioRity -->
